<?xml version="1.0" encoding="UTF-8"?>
<!-- Generated by org.testng.reporters.JUnitXMLReporter -->
<testsuite hostname="bittech-PC" name="IETest" tests="1" failures="0" timestamp="5 May 2015 01:28:28 GMT" time="15.401" errors="0">
  <testcase name="@BeforeClass beforeTest" time="0.0" classname="com.MultiBrowser">
    <failure type="org.openqa.selenium.NoSuchWindowException" message="Error retrieving window with handle current (WARNING: The server did not provide any stacktrace information)
Command duration or timeout: 14 milliseconds
Build info: version: &amp;apos;2.45.0&amp;apos;, revision: &amp;apos;5017cb8&amp;apos;, time: &amp;apos;2015-02-26 23:59:50&amp;apos;
System info: host: &amp;apos;bittech-PC&amp;apos;, ip: &amp;apos;192.168.1.2&amp;apos;, os.name: &amp;apos;Windows 7&amp;apos;, os.arch: &amp;apos;amd64&amp;apos;, os.version: &amp;apos;6.1&amp;apos;, java.version: &amp;apos;1.8.0_25&amp;apos;
Driver info: org.openqa.selenium.ie.InternetExplorerDriver
Capabilities [{browserAttachTimeout=0, enablePersistentHover=true, ie.forceCreateProcessApi=false, ie.usePerProcessProxy=false, ignoreZoomSetting=false, handlesAlerts=true, version=11, platform=WINDOWS, nativeEvents=true, ie.ensureCleanSession=false, elementScrollBehavior=0, ie.browserCommandLineSwitches=, requireWindowFocus=false, browserName=internet explorer, initialBrowserUrl=http://localhost:21523/, takesScreenshot=true, javascriptEnabled=true, ignoreProtectedModeSettings=false, enableElementCacheCleanup=true, cssSelectorsEnabled=true, unexpectedAlertBehaviour=dismiss}]
Session ID: d1909ea0-96e8-4086-98aa-1f1aea6152d6">
      <![CDATA[org.openqa.selenium.NoSuchWindowException: Error retrieving window with handle current (WARNING: The server did not provide any stacktrace information)
Command duration or timeout: 14 milliseconds
Build info: version: '2.45.0', revision: '5017cb8', time: '2015-02-26 23:59:50'
System info: host: 'bittech-PC', ip: '192.168.1.2', os.name: 'Windows 7', os.arch: 'amd64', os.version: '6.1', java.version: '1.8.0_25'
Driver info: org.openqa.selenium.ie.InternetExplorerDriver
Capabilities [{browserAttachTimeout=0, enablePersistentHover=true, ie.forceCreateProcessApi=false, ie.usePerProcessProxy=false, ignoreZoomSetting=false, handlesAlerts=true, version=11, platform=WINDOWS, nativeEvents=true, ie.ensureCleanSession=false, elementScrollBehavior=0, ie.browserCommandLineSwitches=, requireWindowFocus=false, browserName=internet explorer, initialBrowserUrl=http://localhost:21523/, takesScreenshot=true, javascriptEnabled=true, ignoreProtectedModeSettings=false, enableElementCacheCleanup=true, cssSelectorsEnabled=true, unexpectedAlertBehaviour=dismiss}]
Session ID: d1909ea0-96e8-4086-98aa-1f1aea6152d6
	at org.openqa.selenium.remote.ErrorHandler.createThrowable(ErrorHandler.java:204)
	at org.openqa.selenium.remote.ErrorHandler.throwIfResponseFailed(ErrorHandler.java:156)
	at org.openqa.selenium.remote.RemoteWebDriver.execute(RemoteWebDriver.java:599)
	at org.openqa.selenium.remote.RemoteWebDriver$RemoteWebDriverOptions$RemoteWindow.maximize(RemoteWebDriver.java:837)
	at com.MultiBrowser.beforeTest(MultiBrowser.java:45)
	at java.util.concurrent.FutureTask.run(Unknown Source)
	at java.util.concurrent.ThreadPoolExecutor.runWorker(Unknown Source)
	at java.util.concurrent.ThreadPoolExecutor$Worker.run(Unknown Source)
	at java.lang.Thread.run(Unknown Source)
... Removed 20 stack frames]]>
    </failure>
  </testcase> <!-- @BeforeClass beforeTest -->
  <testcase name="@AfterClass afterTest" time="0.0" classname="com.MultiBrowser">
    <skipped/>
  </testcase> <!-- @AfterClass afterTest -->
  <testcase name="login" time="0.0" classname="com.MultiBrowser">
    <skipped/>
  </testcase> <!-- login -->
</testsuite> <!-- IETest -->
