<?xml version="1.0" encoding="UTF-8"?>
<!-- Generated by org.testng.reporters.JUnitXMLReporter -->
<testsuite hostname="Munna" name="Gmail logging Test" tests="3" failures="0" timestamp="7 Jun 2015 06:06:16 GMT" time="24.901" errors="0">
  <testcase name="@BeforeMethod openBrowser" time="0.0" classname="testNG.gmailChekcing">
    <failure type="org.openqa.selenium.NoSuchWindowException" message="Window not found. The browser window may have been closed.
Command duration or timeout: 3.58 seconds
Build info: version: &amp;apos;2.45.0&amp;apos;, revision: &amp;apos;5017cb8&amp;apos;, time: &amp;apos;2015-02-26 23:59:50&amp;apos;
System info: host: &amp;apos;Munna&amp;apos;, ip: &amp;apos;10.0.0.10&amp;apos;, os.name: &amp;apos;Windows 8.1&amp;apos;, os.arch: &amp;apos;amd64&amp;apos;, os.version: &amp;apos;6.3&amp;apos;, java.version: &amp;apos;1.8.0_45&amp;apos;
Driver info: org.openqa.selenium.firefox.FirefoxDriver
Capabilities [{applicationCacheEnabled=true, rotatable=false, handlesAlerts=true, databaseEnabled=true, version=38.0.5, platform=WINDOWS, nativeEvents=false, acceptSslCerts=true, webStorageEnabled=true, locationContextEnabled=true, browserName=firefox, takesScreenshot=true, javascriptEnabled=true, cssSelectorsEnabled=true}]
Session ID: 3900c605-3036-4fcb-9f07-23562ddc7525">
      <![CDATA[org.openqa.selenium.NoSuchWindowException: Window not found. The browser window may have been closed.
Command duration or timeout: 3.58 seconds
Build info: version: '2.45.0', revision: '5017cb8', time: '2015-02-26 23:59:50'
System info: host: 'Munna', ip: '10.0.0.10', os.name: 'Windows 8.1', os.arch: 'amd64', os.version: '6.3', java.version: '1.8.0_45'
Driver info: org.openqa.selenium.firefox.FirefoxDriver
Capabilities [{applicationCacheEnabled=true, rotatable=false, handlesAlerts=true, databaseEnabled=true, version=38.0.5, platform=WINDOWS, nativeEvents=false, acceptSslCerts=true, webStorageEnabled=true, locationContextEnabled=true, browserName=firefox, takesScreenshot=true, javascriptEnabled=true, cssSelectorsEnabled=true}]
Session ID: 3900c605-3036-4fcb-9f07-23562ddc7525
	at org.openqa.selenium.remote.ErrorHandler.createThrowable(ErrorHandler.java:204)
	at org.openqa.selenium.remote.ErrorHandler.throwIfResponseFailed(ErrorHandler.java:156)
	at org.openqa.selenium.remote.RemoteWebDriver.execute(RemoteWebDriver.java:599)
	at org.openqa.selenium.remote.RemoteWebDriver.get(RemoteWebDriver.java:304)
	at testNG.gmailChekcing.openBrowser(gmailChekcing.java:23)
Caused by: org.openqa.selenium.NoSuchWindowException: Window not found. The browser window may have been closed.
Build info: version: '2.45.0', revision: '5017cb8', time: '2015-02-26 23:59:50'
System info: host: 'Munna', ip: '10.0.0.10', os.name: 'Windows 8.1', os.arch: 'amd64', os.version: '6.3', java.version: '1.8.0_45'
Driver info: driver.version: unknown
	at <anonymous class>.nsCommandProcessor.prototype.execute(file:///C:/Users/MD1B10~1.ATA/AppData/Local/Temp/anonymous7011784793450619151webdriver-profile/extensions/fxdriver@googlecode.com/components/command-processor.js:12343)
	at <anonymous class>.Dispatcher.executeAs/<(file:///C:/Users/MD1B10~1.ATA/AppData/Local/Temp/anonymous7011784793450619151webdriver-profile/extensions/fxdriver@googlecode.com/components/driver-component.js:9061)
	at <anonymous class>.Resource.prototype.handle(file:///C:/Users/MD1B10~1.ATA/AppData/Local/Temp/anonymous7011784793450619151webdriver-profile/extensions/fxdriver@googlecode.com/components/driver-component.js:9208)
	at <anonymous class>.Dispatcher.prototype.dispatch(file:///C:/Users/MD1B10~1.ATA/AppData/Local/Temp/anonymous7011784793450619151webdriver-profile/extensions/fxdriver@googlecode.com/components/driver-component.js:9155)
	at <anonymous class>.WebDriverServer/<.handle(file:///C:/Users/MD1B10~1.ATA/AppData/Local/Temp/anonymous7011784793450619151webdriver-profile/extensions/fxdriver@googlecode.com/components/driver-component.js:12128)
	at <anonymous class>.createHandlerFunc/<(file:///C:/Users/MD1B10~1.ATA/AppData/Local/Temp/anonymous7011784793450619151webdriver-profile/extensions/fxdriver@googlecode.com/components/httpd.js:2058)
	at <anonymous class>.ServerHandler.prototype.handleResponse(file:///C:/Users/MD1B10~1.ATA/AppData/Local/Temp/anonymous7011784793450619151webdriver-profile/extensions/fxdriver@googlecode.com/components/httpd.js:2391)
	at <anonymous class>.Connection.prototype.process(file:///C:/Users/MD1B10~1.ATA/AppData/Local/Temp/anonymous7011784793450619151webdriver-profile/extensions/fxdriver@googlecode.com/components/httpd.js:1227)
	at <anonymous class>.RequestReader.prototype._handleResponse(file:///C:/Users/MD1B10~1.ATA/AppData/Local/Temp/anonymous7011784793450619151webdriver-profile/extensions/fxdriver@googlecode.com/components/httpd.js:1681)
	at <anonymous class>.RequestReader.prototype._processBody(file:///C:/Users/MD1B10~1.ATA/AppData/Local/Temp/anonymous7011784793450619151webdriver-profile/extensions/fxdriver@googlecode.com/components/httpd.js:1529)
	at <anonymous class>.RequestReader.prototype.onInputStreamReady(file:///C:/Users/MD1B10~1.ATA/AppData/Local/Temp/anonymous7011784793450619151webdriver-profile/extensions/fxdriver@googlecode.com/components/httpd.js:1397)
... Removed 30 stack frames]]>
    </failure>
  </testcase> <!-- @BeforeMethod openBrowser -->
  <testcase name="@AfterMethod closeBrowser" time="0.0" classname="testNG.gmailChekcing">
    <skipped/>
  </testcase> <!-- @AfterMethod closeBrowser -->
  <testcase name="@BeforeMethod openBrowser" time="0.0" classname="testNG.gmailChekcing">
    <skipped/>
  </testcase> <!-- @BeforeMethod openBrowser -->
  <testcase name="@AfterMethod closeBrowser" time="0.0" classname="testNG.gmailChekcing">
    <skipped/>
  </testcase> <!-- @AfterMethod closeBrowser -->
  <testcase name="@AfterTest logOut" time="0.0" classname="testNG.gmailChekcing">
    <skipped/>
  </testcase> <!-- @AfterTest logOut -->
  <testcase name="logging" time="16.267" classname="testNG.gmailChekcing"/>
  <testcase name="sendingMail" time="0.002" classname="testNG.gmailChekcing">
    <skipped/>
  </testcase> <!-- sendingMail -->
  <testcase name="receivingMail" time="0.001" classname="testNG.gmailChekcing">
    <skipped/>
  </testcase> <!-- receivingMail -->
</testsuite> <!-- Gmail logging Test -->
