<?xml version="1.0" encoding="UTF-8"?>
<testng-results skipped="0" failed="0" total="2" passed="2">
  <reporter-output>
  </reporter-output>
  <suite name="Default suite" duration-ms="12449" started-at="2015-06-17T12:33:08Z" finished-at="2015-06-17T12:33:21Z">
    <groups>
    </groups>
    <test name="Default test" duration-ms="12449" started-at="2015-06-17T12:33:08Z" finished-at="2015-06-17T12:33:21Z">
      <class name="hardPain.ScreenShoot">
        <test-method status="PASS" signature="beforeTest()[pri:0, instance:hardPain.ScreenShoot@2d52216b]" name="beforeTest" is-config="true" duration-ms="3064" started-at="2015-06-17T08:33:08Z" finished-at="2015-06-17T08:33:11Z">
          <reporter-output>
          </reporter-output>
        </test-method> <!-- beforeTest -->
        <test-method status="PASS" signature="dropBoxTest()[pri:0, instance:hardPain.ScreenShoot@2d52216b]" name="dropBoxTest" duration-ms="8795" started-at="2015-06-17T08:33:11Z" finished-at="2015-06-17T08:33:20Z">
          <reporter-output>
          </reporter-output>
        </test-method> <!-- dropBoxTest -->
        <test-method status="PASS" signature="screenShoot()[pri:0, instance:hardPain.ScreenShoot@2d52216b]" name="screenShoot" duration-ms="517" started-at="2015-06-17T08:33:20Z" finished-at="2015-06-17T08:33:21Z">
          <reporter-output>
          </reporter-output>
        </test-method> <!-- screenShoot -->
        <test-method status="PASS" signature="afterTest()[pri:0, instance:hardPain.ScreenShoot@2d52216b]" name="afterTest" is-config="true" duration-ms="34" started-at="2015-06-17T08:33:21Z" finished-at="2015-06-17T08:33:21Z">
          <reporter-output>
          </reporter-output>
        </test-method> <!-- afterTest -->
      </class> <!-- hardPain.ScreenShoot -->
    </test> <!-- Default test -->
  </suite> <!-- Default suite -->
</testng-results>
